<?xml version="1.0" encoding="UTF-8"?>
<testng-results ignored="0" total="4" passed="4" failed="0" skipped="0">
  <reporter-output>
  </reporter-output>
  <suite started-at="2023-12-01T13:30:47 WIB" name="Default Suite" finished-at="2023-12-01T13:30:47 WIB" duration-ms="33">
    <groups>
    </groups>
    <test started-at="2023-12-01T13:30:47 WIB" name="BelajarTestNG" finished-at="2023-12-01T13:30:47 WIB" duration-ms="33">
      <class name="CalculatorTest">
        <test-method signature="TestPenjumlahan()[pri:0, instance:CalculatorTest@176d53b2]" started-at="2023-12-01T13:30:47 WIB" name="TestPenjumlahan" finished-at="2023-12-01T13:30:47 WIB" duration-ms="5" status="PASS">
          <reporter-output>
          </reporter-output>
        </test-method> <!-- TestPenjumlahan -->
        <test-method signature="TestPengurangan()[pri:1, instance:CalculatorTest@176d53b2]" started-at="2023-12-01T13:30:47 WIB" name="TestPengurangan" finished-at="2023-12-01T13:30:47 WIB" duration-ms="0" status="PASS">
          <reporter-output>
          </reporter-output>
        </test-method> <!-- TestPengurangan -->
        <test-method signature="TestPerkalian()[pri:2, instance:CalculatorTest@176d53b2]" started-at="2023-12-01T13:30:47 WIB" name="TestPerkalian" finished-at="2023-12-01T13:30:47 WIB" duration-ms="0" status="PASS">
          <reporter-output>
          </reporter-output>
        </test-method> <!-- TestPerkalian -->
        <test-method signature="TestPembagian()[pri:3, instance:CalculatorTest@176d53b2]" started-at="2023-12-01T13:30:47 WIB" name="TestPembagian" finished-at="2023-12-01T13:30:47 WIB" duration-ms="0" status="PASS">
          <reporter-output>
          </reporter-output>
        </test-method> <!-- TestPembagian -->
      </class> <!-- CalculatorTest -->
    </test> <!-- BelajarTestNG -->
  </suite> <!-- Default Suite -->
</testng-results>
