<?xml version="1.0" encoding="UTF-8"?>
<!-- Generated by org.testng.reporters.JUnitXMLReporter -->
<testsuite ignored="0" hostname="Administrator" failures="0" tests="4" name="BelajarTestNG" time="0.033" errors="0" timestamp="2023-12-01T13:30:47 WIB">
  <testcase classname="CalculatorTest" name="TestPenjumlahan" time="0.005"/>
  <testcase classname="CalculatorTest" name="TestPengurangan" time="0.0"/>
  <testcase classname="CalculatorTest" name="TestPerkalian" time="0.0"/>
  <testcase classname="CalculatorTest" name="TestPembagian" time="0.0"/>
</testsuite> <!-- BelajarTestNG -->
